<?xml version="1.0" encoding="UTF-8"?>
<testsuite name="Cucumber" time="0.177" tests="1" skipped="0" failures="0" errors="0">
<testcase classname="User Authentication" name="login with valid credentials" time="0.022">
<system-out><![CDATA[
Given the user is already registered to the website.........................passed
Given the user is on the login page.........................................passed
When the user inputs the correct email address..............................passed
And the user inputs the correct password....................................passed
And the user clicks the Login button........................................passed
Then the user should be authenticated.......................................passed
And the user should be redirected to their dashboard........................passed
And the user should be presented with a success message.....................passed
]]></system-out>
</testcase>
</testsuite>
